[0821/202858:ERROR:ipc_channel_win.cc(217)] pipe error: 109
[0824/142907:ERROR:ipc_channel_win.cc(217)] pipe error: 109
[0824/142935:ERROR:ssl_client_socket_openssl.cc(1132)] handshake failed; returned -1, SSL error code 1, net_error -101
[0824/151333:ERROR:ipc_channel_win.cc(217)] pipe error: 109
[0824/155520:ERROR:ipc_channel_win.cc(217)] pipe error: 109
[0824/155833:ERROR:ipc_channel_win.cc(217)] pipe error: 109
[0824/160353:ERROR:ipc_channel_win.cc(217)] pipe error: 109
[0824/183850:ERROR:ipc_channel_win.cc(217)] pipe error: 109
[0824/183951:ERROR:ipc_channel_win.cc(217)] pipe error: 109
[0824/193249:ERROR:ipc_channel_win.cc(217)] pipe error: 109
[0824/193338:ERROR:ipc_channel_win.cc(217)] pipe error: 109
[0824/193628:ERROR:ipc_channel_win.cc(217)] pipe error: 109
[0824/193628:ERROR:ipc_channel_win.cc(217)] pipe error: 109
[0824/193628:ERROR:ipc_channel_win.cc(217)] pipe error: 109
[0824/193628:ERROR:ipc_channel_win.cc(217)] pipe error: 109
[0824/193628:ERROR:ipc_channel_win.cc(217)] pipe error: 109
[0824/193628:ERROR:ipc_channel_win.cc(217)] pipe error: 109
[0824/193628:ERROR:ipc_channel_win.cc(217)] pipe error: 109
[0824/193628:ERROR:ipc_channel_win.cc(217)] pipe error: 109
[0824/193628:ERROR:ipc_channel_win.cc(217)] pipe error: 109
[0824/193628:ERROR:ipc_channel_win.cc(217)] pipe error: 109
[0824/193628:ERROR:ipc_channel_win.cc(217)] pipe error: 109
[0824/193628:ERROR:ipc_channel_win.cc(217)] pipe error: 109
[0824/193628:ERROR:ipc_channel_win.cc(217)] pipe error: 109
[0824/193628:ERROR:ipc_channel_win.cc(217)] pipe error: 109
[0824/193628:ERROR:ipc_channel_win.cc(217)] pipe error: 109
[0824/193628:ERROR:ipc_channel_win.cc(217)] pipe error: 109
[0824/193628:ERROR:ipc_channel_win.cc(217)] pipe error: 109
[0824/193628:ERROR:ipc_channel_win.cc(217)] pipe error: 109
[0824/193628:ERROR:ipc_channel_win.cc(217)] pipe error: 109
[0824/193628:ERROR:ipc_channel_win.cc(217)] pipe error: 109
[0824/203938:ERROR:ipc_channel_win.cc(217)] pipe error: 109
[0824/204946:ERROR:ipc_channel_win.cc(217)] pipe error: 109
[0824/204946:ERROR:ipc_channel_win.cc(217)] pipe error: 109
[0826/163636:ERROR:ipc_channel_win.cc(217)] pipe error: 109
[0831/145731:ERROR:ipc_channel_win.cc(217)] pipe error: 109
[0902/105028:ERROR:ipc_channel_win.cc(217)] pipe error: 109
[0903/163731:ERROR:ipc_channel_win.cc(217)] pipe error: 109
[0903/173117:ERROR:ipc_channel_win.cc(217)] pipe error: 109
[0903/180351:ERROR:ipc_channel_win.cc(217)] pipe error: 109
[0903/181445:ERROR:ipc_channel_win.cc(217)] pipe error: 109
[0903/201844:ERROR:ipc_channel_win.cc(217)] pipe error: 109
[0904/100523:ERROR:ipc_channel_win.cc(217)] pipe error: 109
[0907/094256:ERROR:ipc_channel_win.cc(217)] pipe error: 109
[0922/155849:ERROR:ipc_channel_win.cc(217)] pipe error: 109
[0922/160809:ERROR:ipc_channel_win.cc(217)] pipe error: 109
[0923/142933:ERROR:ipc_channel_win.cc(217)] pipe error: 109
[1008/120532:ERROR:ipc_channel_win.cc(217)] pipe error: 109
[1008/165110:ERROR:ipc_channel_win.cc(217)] pipe error: 109
[1008/165111:ERROR:ipc_channel_win.cc(217)] pipe error: 109
[1008/165111:ERROR:ipc_channel_win.cc(217)] pipe error: 109
[1008/165111:ERROR:ipc_channel_win.cc(217)] pipe error: 109
[1008/165111:ERROR:ipc_channel_win.cc(217)] pipe error: 109
[1008/165623:ERROR:ipc_channel_win.cc(217)] pipe error: 109
[1008/165623:ERROR:ipc_channel_win.cc(217)] pipe error: 109
[1010/095036:ERROR:ipc_channel_win.cc(217)] pipe error: 109
[1010/095036:ERROR:ipc_channel_win.cc(217)] pipe error: 109
[1010/095220:ERROR:ipc_channel_win.cc(217)] pipe error: 109
[1010/184318:ERROR:ipc_channel_win.cc(217)] pipe error: 109
[1012/110457:ERROR:ipc_channel_win.cc(217)] pipe error: 109
[1012/110519:ERROR:ipc_channel_win.cc(217)] pipe error: 109
[1012/111203:ERROR:ipc_channel_win.cc(217)] pipe error: 109
[1020/100128:ERROR:ipc_channel_win.cc(217)] pipe error: 109
[1020/110918:ERROR:ipc_channel_win.cc(217)] pipe error: 109
[1020/110933:ERROR:ipc_channel_win.cc(217)] pipe error: 109
[1020/110943:ERROR:ipc_channel_win.cc(217)] pipe error: 109
[1020/111322:ERROR:browser_host_impl.cc(1504)] Invalid URL passed to CefBrowserHostImpl::LoadURL: http://192.168.1.1991:6500
[1020/121327:ERROR:ipc_channel_win.cc(217)] pipe error: 109
[1020/141230:ERROR:ipc_channel_win.cc(217)] pipe error: 109
[1020/141506:ERROR:ipc_channel_win.cc(217)] pipe error: 109
[1020/163219:ERROR:ipc_channel_win.cc(217)] pipe error: 109
[1020/171316:ERROR:ipc_channel_win.cc(217)] pipe error: 109
[1020/173212:ERROR:ipc_channel_win.cc(217)] pipe error: 109
[1020/184612:ERROR:ipc_channel_win.cc(217)] pipe error: 109
[1020/184612:ERROR:ipc_channel_win.cc(217)] pipe error: 109
[1020/185206:ERROR:ipc_channel_win.cc(217)] pipe error: 109
[1020/185234:ERROR:ipc_channel_win.cc(217)] pipe error: 109
[1020/185807:ERROR:ipc_channel_win.cc(217)] pipe error: 109
[1020/194346:ERROR:ipc_channel_win.cc(217)] pipe error: 109
[1020/194813:ERROR:ipc_channel_win.cc(217)] pipe error: 109
[1020/195323:ERROR:ipc_channel_win.cc(514)] pipe error: 232
[1020/195323:ERROR:ipc_channel_win.cc(217)] pipe error: 109
[1020/211355:ERROR:ipc_channel_win.cc(217)] pipe error: 109
[1020/211355:ERROR:ipc_channel_win.cc(217)] pipe error: 109
[1020/211355:ERROR:ipc_channel_win.cc(217)] pipe error: 109
[1021/105143:ERROR:ipc_channel_win.cc(217)] pipe error: 109
[1021/105143:ERROR:ipc_channel_win.cc(217)] pipe error: 109
[1021/150755:ERROR:ipc_channel_win.cc(217)] pipe error: 109
[1021/151418:ERROR:ipc_channel_win.cc(217)] pipe error: 109
[1021/153016:ERROR:ipc_channel_win.cc(217)] pipe error: 109
[1021/161041:ERROR:ipc_channel_win.cc(217)] pipe error: 109
[1021/173558:ERROR:ipc_channel_win.cc(217)] pipe error: 109
[1021/181357:ERROR:ipc_channel_win.cc(217)] pipe error: 109
[1021/182001:ERROR:ipc_channel_win.cc(217)] pipe error: 109
[1022/094603:ERROR:ipc_channel_win.cc(217)] pipe error: 109
[1204/105633:ERROR:ipc_channel_win.cc(217)] pipe error: 109
[1204/110919:ERROR:ipc_channel_win.cc(217)] pipe error: 109
[1204/110958:ERROR:ipc_channel_win.cc(217)] pipe error: 109
[1204/112250:ERROR:ipc_channel_win.cc(217)] pipe error: 109
[1205/121801:ERROR:ipc_channel_win.cc(217)] pipe error: 109
[1205/122558:ERROR:ipc_channel_win.cc(217)] pipe error: 109
[1225/144639:ERROR:ipc_channel_win.cc(217)] pipe error: 109
[0115/181916:ERROR:ipc_channel_win.cc(217)] pipe error: 109
[0115/182129:ERROR:ipc_channel_win.cc(217)] pipe error: 109
[0115/182149:ERROR:ipc_channel_win.cc(217)] pipe error: 109
[0115/182150:ERROR:ipc_channel_win.cc(217)] pipe error: 109
[0115/182525:ERROR:ipc_channel_win.cc(514)] pipe error: 232
[0119/120920:ERROR:ipc_channel_win.cc(217)] pipe error: 109
[0119/121021:ERROR:ipc_channel_win.cc(217)] pipe error: 109
[0119/122059:ERROR:ipc_channel_win.cc(217)] pipe error: 109
[0119/161837:ERROR:ipc_channel_win.cc(217)] pipe error: 109
[0119/161837:ERROR:ipc_channel_win.cc(217)] pipe error: 109
[0119/162037:ERROR:ipc_channel_win.cc(217)] pipe error: 109
[0119/165250:ERROR:ipc_channel_win.cc(217)] pipe error: 109
[0119/165513:ERROR:ipc_channel_win.cc(217)] pipe error: 109
[0119/165921:ERROR:tcp_socket_win.cc(784)] connect failed: 10049
[0119/165921:ERROR:tcp_socket_win.cc(784)] connect failed: 10049
[0119/165921:ERROR:bad_message.cc(18)] Terminating renderer for bad IPC message, reason 114
[0119/165941:ERROR:ipc_channel_win.cc(217)] pipe error: 109
[0119/200130:ERROR:tcp_socket_win.cc(784)] connect failed: 10049
[0119/200130:ERROR:tcp_socket_win.cc(784)] connect failed: 10049
[0119/200130:ERROR:bad_message.cc(18)] Terminating renderer for bad IPC message, reason 114
[0119/201100:ERROR:ipc_channel_win.cc(217)] pipe error: 109
[0119/201223:ERROR:ipc_channel_win.cc(217)] pipe error: 109
[0119/201525:ERROR:ipc_channel_win.cc(217)] pipe error: 109
[0121/141501:ERROR:ipc_channel_win.cc(217)] pipe error: 109
[0121/143651:ERROR:ipc_channel_win.cc(217)] pipe error: 109
[0121/145200:ERROR:ipc_channel_win.cc(217)] pipe error: 109
[0121/145738:ERROR:ipc_channel_win.cc(217)] pipe error: 109
[0201/104527:ERROR:ipc_channel_win.cc(217)] pipe error: 109
[0802/113959:ERROR:ipc_channel_win.cc(217)] pipe error: 109
